::1 - - [25/Mar/2023:21:48:59 +0000] "GET / HTTP/1.1" 200 36 "-" "Mozilla/5.0 (Windows NT 10.0; Win64; x64) AppleWebKit/537.36 (KHTML, like Gecko) Chrome/111.0.0.0 Safari/537.36 Edg/111.0.1661.51"
::1 - - [25/Mar/2023:21:48:59 +0000] "GET /favicon.ico HTTP/1.1" 304 - "http://localhost:3000/" "Mozilla/5.0 (Windows NT 10.0; Win64; x64) AppleWebKit/537.36 (KHTML, like Gecko) Chrome/111.0.0.0 Safari/537.36 Edg/111.0.1661.51"
::1 - - [25/Mar/2023:21:49:09 +0000] "GET /api/v1 HTTP/1.1" 200 15 "-" "Mozilla/5.0 (Windows NT 10.0; Win64; x64) AppleWebKit/537.36 (KHTML, like Gecko) Chrome/111.0.0.0 Safari/537.36 Edg/111.0.1661.51"
::1 - - [25/Mar/2023:21:49:09 +0000] "GET /favicon.ico HTTP/1.1" 304 - "http://localhost:3000/api/v1" "Mozilla/5.0 (Windows NT 10.0; Win64; x64) AppleWebKit/537.36 (KHTML, like Gecko) Chrome/111.0.0.0 Safari/537.36 Edg/111.0.1661.51"
::1 - - [25/Mar/2023:22:03:36 +0000] "GET /api/v1/hi HTTP/1.1" 404 23 "-" "Mozilla/5.0 (Windows NT 10.0; Win64; x64) AppleWebKit/537.36 (KHTML, like Gecko) Chrome/111.0.0.0 Safari/537.36 Edg/111.0.1661.51"
::1 - - [25/Mar/2023:22:03:36 +0000] "GET /favicon.ico HTTP/1.1" 404 150 "http://localhost:3000/api/v1/hi" "Mozilla/5.0 (Windows NT 10.0; Win64; x64) AppleWebKit/537.36 (KHTML, like Gecko) Chrome/111.0.0.0 Safari/537.36 Edg/111.0.1661.51"
::1 - - [25/Mar/2023:22:03:41 +0000] "GET /api/ HTTP/1.1" 404 143 "-" "Mozilla/5.0 (Windows NT 10.0; Win64; x64) AppleWebKit/537.36 (KHTML, like Gecko) Chrome/111.0.0.0 Safari/537.36 Edg/111.0.1661.51"
::1 - - [26/Mar/2023:17:26:25 +0000] "GET /product HTTP/1.1" 404 146 "-" "PostmanRuntime/7.31.3"
::1 - - [26/Mar/2023:17:26:51 +0000] "GET /api/v1/product HTTP/1.1" 200 158 "-" "PostmanRuntime/7.31.3"
::1 - - [26/Mar/2023:17:27:23 +0000] "PUT /api/v1/product/641cd64d7b7eaefd074df7b1 HTTP/1.1" 200 149 "-" "PostmanRuntime/7.31.3"
::1 - - [26/Mar/2023:17:28:46 +0000] "GET /api/v1/product/641cd64d7b7eaefd074df7b1 HTTP/1.1" 200 177 "-" "PostmanRuntime/7.31.3"
::1 - - [26/Mar/2023:17:28:55 +0000] "POST /api/v1/product/ HTTP/1.1" 201 154 "-" "PostmanRuntime/7.31.3"
::1 - - [26/Mar/2023:17:28:59 +0000] "GET /api/v1/product/ HTTP/1.1" 200 267 "-" "PostmanRuntime/7.31.3"
::1 - - [28/Mar/2023:18:50:10 +0000] "GET /api/v1/product/ HTTP/1.1" 200 267 "-" "PostmanRuntime/7.31.3"
::1 - - [28/Mar/2023:18:52:22 +0000] "GET /api/v1/user/ HTTP/1.1" 200 403 "-" "PostmanRuntime/7.31.3"
::1 - - [28/Mar/2023:18:52:36 +0000] "GET /api/v1/user/641cdda4afe8c8620878d61a HTTP/1.1" 200 229 "-" "PostmanRuntime/7.31.3"
::1 - - [28/Mar/2023:18:53:19 +0000] "POST /api/v1/auth/login/ HTTP/1.1" 400 58 "-" "PostmanRuntime/7.31.3"
::1 - - [28/Mar/2023:18:53:25 +0000] "POST /api/v1/auth/login/ HTTP/1.1" 400 58 "-" "PostmanRuntime/7.31.3"
::1 - - [28/Mar/2023:18:54:03 +0000] "POST /api/v1/auth/login/ HTTP/1.1" 400 58 "-" "PostmanRuntime/7.31.3"
::1 - - [28/Mar/2023:18:54:54 +0000] "POST /api/v1/auth/register/ HTTP/1.1" 400 58 "-" "PostmanRuntime/7.31.3"
::1 - - [28/Mar/2023:18:55:43 +0000] "POST /api/v1/auth/register/ HTTP/1.1" 400 58 "-" "PostmanRuntime/7.31.3"
::1 - - [28/Mar/2023:18:56:05 +0000] "POST /api/v1/auth/register/ HTTP/1.1" 400 111 "-" "PostmanRuntime/7.31.3"
::1 - - [28/Mar/2023:18:56:40 +0000] "POST /api/v1/auth/register/ HTTP/1.1" 200 306 "-" "PostmanRuntime/7.31.3"
::1 - - [28/Mar/2023:18:57:02 +0000] "POST /api/v1/auth/login/ HTTP/1.1" 200 305 "-" "PostmanRuntime/7.31.3"
::1 - - [28/Mar/2023:18:58:06 +0000] "POST /api/v1/product HTTP/1.1" 401 51 "-" "PostmanRuntime/7.31.3"
::1 - - [28/Mar/2023:18:58:28 +0000] "POST /api/v1/product HTTP/1.1" 401 51 "-" "PostmanRuntime/7.31.3"
::1 - - [28/Mar/2023:18:58:50 +0000] "POST /api/v1/product HTTP/1.1" 401 51 "-" "PostmanRuntime/7.31.3"
::1 - - [28/Mar/2023:18:59:13 +0000] "POST /api/v1/product HTTP/1.1" 400 85 "-" "PostmanRuntime/7.31.3"
::1 - - [28/Mar/2023:18:59:19 +0000] "GET /api/v1/product HTTP/1.1" 200 267 "-" "PostmanRuntime/7.31.3"
::1 - - [28/Mar/2023:19:01:29 +0000] "GET /api/v1/product HTTP/1.1" 200 267 "-" "PostmanRuntime/7.31.3"
::1 - - [28/Mar/2023:19:02:22 +0000] "GET /api/v1/product HTTP/1.1" 200 267 "-" "PostmanRuntime/7.31.3"
::1 - - [28/Mar/2023:19:09:16 +0000] "POST /api/v1/auth/login HTTP/1.1" 400 58 "-" "PostmanRuntime/7.31.3"
::1 - - [28/Mar/2023:19:13:24 +0000] "POST /api/v1/auth/login HTTP/1.1" 400 58 "-" "PostmanRuntime/7.31.3"
::1 - - [28/Mar/2023:19:13:26 +0000] "POST /api/v1/auth/login HTTP/1.1" 400 58 "-" "PostmanRuntime/7.31.3"
::1 - - [28/Mar/2023:19:14:28 +0000] "POST /api/v1/auth/login HTTP/1.1" 400 58 "-" "PostmanRuntime/7.31.3"
::1 - - [28/Mar/2023:19:15:26 +0000] "POST /api/v1/auth/login HTTP/1.1" 400 58 "-" "PostmanRuntime/7.31.3"
::1 - - [28/Mar/2023:19:16:42 +0000] "POST /api/v1/auth/register HTTP/1.1" 400 111 "-" "PostmanRuntime/7.31.3"
::1 - - [28/Mar/2023:19:16:47 +0000] "POST /api/v1/auth/register HTTP/1.1" 400 58 "-" "PostmanRuntime/7.31.3"
::1 - - [28/Mar/2023:19:16:55 +0000] "POST /api/v1/auth/login HTTP/1.1" 200 305 "-" "PostmanRuntime/7.31.3"
::1 - - [28/Mar/2023:19:17:01 +0000] "POST /api/v1/auth/login HTTP/1.1" 200 305 "-" "PostmanRuntime/7.31.3"
::1 - - [28/Mar/2023:22:31:23 +0000] "GET /api/v1/product HTTP/1.1" 401 51 "-" "PostmanRuntime/7.31.3"
::1 - - [28/Mar/2023:22:32:23 +0000] "POST /api/v1/auth/register HTTP/1.1" 200 318 "-" "PostmanRuntime/7.31.3"
::1 - - [28/Mar/2023:22:32:54 +0000] "POST /api/v1/auth/login HTTP/1.1" 200 317 "-" "PostmanRuntime/7.31.3"
::1 - - [28/Mar/2023:22:33:34 +0000] "GET /api/v1/user HTTP/1.1" 200 752 "-" "PostmanRuntime/7.31.3"
::1 - - [28/Mar/2023:22:34:05 +0000] "POST /api/v1/auth/login/ HTTP/1.1" 200 317 "-" "PostmanRuntime/7.31.3"
::1 - - [28/Mar/2023:22:34:43 +0000] "GET /api/v1/product HTTP/1.1" 200 267 "-" "PostmanRuntime/7.31.3"
::1 - - [28/Mar/2023:22:34:58 +0000] "GET /api/v1/product HTTP/1.1" 500 1271 "-" "PostmanRuntime/7.31.3"
